2021-05-08 14:12:52,407 :INFO : TestAddEmployee :******* TestAddEmployee *********
2021-05-08 14:15:48,896 :INFO : TestAddEmployee :******* TestAddEmployee *********
2021-05-08 14:26:22,276 :INFO : TestAddEmployee :******* TestAddEmployee *********
2021-05-08 14:28:33,050 :INFO : TestAddEmployee :******* TestAddEmployee *********
2021-05-08 14:33:17,743 :INFO : TestAddEmployee :******* TestAddEmployee *********
2021-05-08 14:36:57,708 :INFO : TestAddEmployee :******* TestAddEmployee *********
2021-05-08 14:39:09,819 :INFO : TestAddEmployee :******* TestAddEmployee *********
2021-05-08 14:44:49,770 :INFO : TestAddEmployee :******* TestAddEmployee *********
2021-05-08 14:45:46,505 :INFO : TestAddEmployee :******* TestAddEmployee *********
2021-05-08 14:46:50,723 :INFO : TestAddEmployee :******* TestAddEmployee *********
2021-05-08 14:49:39,229 :INFO : TestAddEmployee :******* TestAddEmployee *********
2021-05-08 14:51:23,939 :INFO : TestAddEmployee :******* TestAddEmployee *********
2021-05-08 14:53:44,859 :INFO : TestAddEmployee :******* TestAddEmployee *********
2021-05-08 14:54:32,449 :INFO : TestAddEmployee :Logged In Successfully
2021-05-08 14:56:36,511 :INFO : TestAddEmployee :******* TestAddEmployee *********
2021-05-08 15:08:32,911 :INFO : TestAddEmployee :******* TestAddEmployee *********
2021-05-08 15:12:58,234 :INFO : TestAddEmployee :******* TestAddEmployee *********
2021-05-08 15:15:40,458 :INFO : TestAddEmployee :******* TestAddEmployee *********
2021-05-08 15:19:26,948 :INFO : TestAddEmployee :******* TestAddEmployee *********
2021-05-08 15:19:35,822 :INFO : TestAddEmployee :Logged In Successfully
2021-05-08 15:21:48,570 :INFO : TestAddEmployee :******* TestAddEmployee *********
2021-05-08 15:22:17,507 :INFO : TestAddEmployee :Logged In Successfully
2021-05-08 15:30:21,964 :INFO : TestAddEmployee :******* TestAddEmployee *********
2021-05-08 15:30:35,591 :INFO : TestAddEmployee :Logged In Successfully
2021-05-08 15:30:38,698 :INFO : TestAddEmployee :logged out successfully
2021-05-08 15:49:04,759 :INFO : TestAddEmployee :TestAddEmployee
2021-05-08 15:49:25,312 :INFO : TestAddEmployee :Logged In Successfully
2021-05-08 15:49:29,206 :INFO : TestAddEmployee :logged out successfully
2021-05-08 19:24:31,260 :INFO : TestAddEmployee :TestAddEmployee
2021-05-08 19:25:20,169 :INFO : TestAddEmployee :Logged In Successfully
2021-05-08 19:25:24,293 :INFO : TestAddEmployee :logged out successfully
2021-05-08 19:53:02,184 :INFO : TestLogin :Test_Login_0
2021-05-08 19:53:34,277 :INFO : TestLogin :Logged In Successfully
2021-05-08 19:53:38,041 :INFO : TestLogin :logged out successfully
2021-05-08 19:53:50,636 :INFO : TestLogin :Test_Login_0
2021-05-08 20:05:24,091 :INFO : TestLogin :Test_Login_0
2021-05-08 20:05:54,306 :INFO : TestLogin :Test_Login_0
2021-05-08 20:08:09,632 :INFO : TestLogin :Test_Login_0
2021-05-08 20:08:30,157 :INFO : TestLogin :Test_Login_0
2021-05-08 20:08:33,169 :ERROR : TestLogin :Login failed
2021-05-08 20:23:01,921 :INFO : TestLogin :Test_Login_0
2021-05-08 20:23:39,121 :INFO : TestLogin :Logged In Successfully
2021-05-08 20:23:42,406 :INFO : TestLogin :logged out successfully
2021-05-08 20:23:58,014 :INFO : TestLogin :Test_Login_0
2021-05-08 20:23:59,775 :ERROR : TestLogin :Login failed
2021-05-08 20:28:38,209 :INFO : TestLogin :Test_Login_0
2021-05-08 20:29:34,310 :INFO : TestLogin :Test_Login_0
2021-05-08 20:29:37,472 :ERROR : TestLogin :Login failed
2021-05-08 20:32:47,181 :INFO : TestLogin :Test_Login_0
2021-05-08 20:33:22,650 :INFO : TestLogin :Logged In Successfully
2021-05-08 20:33:27,346 :INFO : TestLogin :logged out successfully
2021-05-08 20:33:44,401 :INFO : TestLogin :Test_Login_0
2021-05-08 20:33:46,583 :ERROR : TestLogin :Login failed
2021-05-09 12:57:26,190 :INFO : TestAddEmployee :TestAddEmployee
2021-05-09 12:58:26,501 :INFO : TestAddEmployee :Logged In Successfully
2021-05-09 13:00:28,486 :INFO : TestAddEmployee :TestAddEmployee
2021-05-09 13:01:04,578 :INFO : TestAddEmployee :Logged In Successfully
2021-05-09 13:10:12,802 :INFO : TestAddEmployee :TestAddEmployee
2021-05-09 13:10:47,014 :INFO : TestAddEmployee :Logged In Successfully
2021-05-09 13:12:02,165 :INFO : TestAddEmployee :One employee added successfully
2021-05-09 13:12:04,995 :INFO : TestAddEmployee :logged out successfully
2021-05-09 13:12:17,068 :INFO : TestAddEmployee :TestAddEmployee
2021-05-09 13:12:51,291 :INFO : TestAddEmployee :Logged In Successfully
2021-05-09 13:14:34,768 :ERROR : TestAddEmployee :error while adding employee
2021-05-09 13:14:37,831 :INFO : TestAddEmployee :logged out successfully
2021-05-09 13:26:15,248 :INFO : TestAddEmployee :TestAddEmployee
2021-05-09 13:26:58,461 :INFO : TestAddEmployee :Logged In Successfully
2021-05-09 13:27:01,797 :INFO : TestAddEmployee :navigated to employee module
2021-05-09 13:27:01,979 :INFO : TestAddEmployee :navigated to add employee form
2021-05-09 13:28:14,875 :INFO : TestAddEmployee :One employee added successfully
2021-05-09 13:28:17,733 :INFO : TestAddEmployee :logged out successfully
2021-05-09 13:28:28,260 :INFO : TestAddEmployee :TestAddEmployee
2021-05-09 13:29:02,580 :INFO : TestAddEmployee :Logged In Successfully
2021-05-09 13:29:05,251 :INFO : TestAddEmployee :navigated to employee module
2021-05-09 13:29:05,424 :INFO : TestAddEmployee :navigated to add employee form
2021-05-09 13:30:45,745 :ERROR : TestAddEmployee :error while adding employee
2021-05-09 13:30:48,173 :INFO : TestAddEmployee :logged out successfully
2021-05-15 07:02:55,853 :INFO : TestAddEmployee :TestAddEmployee
2021-05-15 07:03:45,494 :INFO : TestAddEmployee :Logged In Successfully
2021-05-15 07:03:47,950 :INFO : TestAddEmployee :navigated to employee module
2021-05-15 07:03:48,145 :INFO : TestAddEmployee :navigated to add employee form
2021-05-16 09:17:34,845 :INFO : TestDepartment :TestAddDepartment
2021-05-16 09:18:14,274 :INFO : TestDepartment :Logged In Successfully
2021-05-16 09:18:20,108 :INFO : TestDepartment :navigated to employees app
2021-05-16 09:20:00,768 :INFO : TestDepartment :TestAddDepartment
2021-05-16 09:20:34,355 :INFO : TestDepartment :Logged In Successfully
2021-05-16 09:20:37,260 :INFO : TestDepartment :navigated to employees app
2021-05-16 09:20:47,806 :INFO : TestDepartment :TestAddDepartment
2021-05-16 09:21:21,813 :INFO : TestDepartment :Logged In Successfully
2021-05-16 09:21:24,350 :INFO : TestDepartment :navigated to employees app
2021-05-16 09:22:51,422 :INFO : TestDepartment :TestAddDepartment
2021-05-16 09:23:25,614 :INFO : TestDepartment :Logged In Successfully
2021-05-16 09:23:28,003 :INFO : TestDepartment :navigated to employees app
2021-05-16 09:24:17,256 :INFO : TestDepartment :TestAddDepartment
2021-05-16 09:26:21,207 :INFO : TestDepartment :TestAddDepartment
2021-05-16 09:26:54,700 :INFO : TestDepartment :Logged In Successfully
2021-05-16 09:26:58,133 :INFO : TestDepartment :navigated to employees app
2021-05-16 22:01:44,169 :INFO : TestAddEmployee :TestAddEmployee
2021-05-16 22:02:23,456 :INFO : TestAddEmployee :Logged In Successfully
2021-05-16 22:02:26,662 :INFO : TestAddEmployee :navigated to employee module
2021-05-16 22:02:26,853 :INFO : TestAddEmployee :navigated to add employee form
2021-05-16 22:03:25,289 :INFO : TestAddEmployee :TestAddEmployee
2021-05-16 22:09:00,033 :INFO : TestAddEmployee :TestAddEmployee
2021-05-16 22:09:33,560 :INFO : TestAddEmployee :Logged In Successfully
2021-05-16 22:09:36,544 :INFO : TestAddEmployee :navigated to employee module
2021-05-16 22:09:36,730 :INFO : TestAddEmployee :navigated to add employee form
2021-05-16 22:10:31,787 :INFO : TestAddEmployee :TestAddEmployee
2021-05-16 22:11:49,253 :INFO : TestAddEmployee :TestAddEmployee
2021-05-16 22:12:22,904 :INFO : TestAddEmployee :Logged In Successfully
2021-05-16 22:12:25,330 :INFO : TestAddEmployee :navigated to employee module
2021-05-16 22:12:25,511 :INFO : TestAddEmployee :navigated to add employee form
2021-05-16 22:15:21,533 :INFO : TestAddEmployee :TestAddEmployee
2021-05-16 22:15:55,009 :INFO : TestAddEmployee :Logged In Successfully
2021-05-16 22:15:57,435 :INFO : TestAddEmployee :navigated to employee module
2021-05-16 22:15:57,668 :INFO : TestAddEmployee :navigated to add employee form
2021-05-16 22:18:22,058 :INFO : TestAddEmployee :TestAddEmployee
2021-05-16 22:18:57,741 :INFO : TestAddEmployee :Logged In Successfully
2021-05-16 22:19:00,254 :INFO : TestAddEmployee :navigated to employee module
2021-05-16 22:19:00,787 :INFO : TestAddEmployee :navigated to add employee form
2021-05-16 22:44:15,406 :INFO : TestAddEmployee :TestAddEmployee
2021-05-16 22:44:54,239 :INFO : TestAddEmployee :Logged In Successfully
2021-05-16 22:44:56,778 :INFO : TestAddEmployee :navigated to employee module
2021-05-16 22:44:56,964 :INFO : TestAddEmployee :navigated to add employee form
2021-05-16 22:46:09,938 :INFO : TestAddEmployee :One employee added successfully
2021-05-16 22:46:30,645 :INFO : TestAddEmployee :One employee deleted successfully
2021-05-16 22:46:33,379 :INFO : TestAddEmployee :logged out successfully
2021-05-16 22:46:42,839 :INFO : TestAddEmployee :TestAddEmployee
2021-05-16 22:47:16,642 :INFO : TestAddEmployee :Logged In Successfully
2021-05-16 22:47:19,056 :INFO : TestAddEmployee :navigated to employee module
2021-05-16 22:47:19,224 :INFO : TestAddEmployee :navigated to add employee form
2021-05-16 22:48:59,434 :ERROR : TestAddEmployee :error while adding employee
2021-05-16 22:49:02,157 :INFO : TestAddEmployee :logged out successfully
2021-05-16 22:54:44,689 :INFO : TestDepartment :TestAddDepartment
2021-05-16 22:55:22,091 :INFO : TestDepartment :Logged In Successfully
2021-05-16 22:55:24,629 :INFO : TestDepartment :navigated to employees app
2021-05-16 22:57:23,442 :INFO : TestDepartment :TestAddDepartment
2021-05-16 22:57:58,354 :INFO : TestDepartment :Logged In Successfully
2021-05-16 22:58:00,758 :INFO : TestDepartment :navigated to employees app
2021-05-16 22:58:32,580 :INFO : TestDepartment :successfully logged out
2021-05-16 23:05:35,969 :INFO : TestDepartment :TestAddDepartment
2021-05-16 23:06:10,636 :INFO : TestDepartment :Logged In Successfully
2021-05-16 23:06:13,260 :INFO : TestDepartment :navigated to employees app
2021-05-16 23:06:44,600 :INFO : TestDepartment :successfully logged out
2021-05-16 23:06:54,199 :INFO : TestDepartment :TestAddDepartment
2021-05-16 23:07:27,285 :INFO : TestDepartment :Logged In Successfully
2021-05-16 23:07:29,703 :INFO : TestDepartment :navigated to employees app
2021-05-16 23:08:29,549 :INFO : TestDepartment :successfully logged out
2021-05-16 23:15:57,193 :INFO : TestDepartment :TestAddDepartment
2021-05-16 23:16:31,704 :INFO : TestDepartment :Logged In Successfully
2021-05-16 23:16:34,254 :INFO : TestDepartment :navigated to employees app
2021-05-16 23:17:05,181 :INFO : TestDepartment :successfully logged out
2021-05-16 23:17:15,898 :INFO : TestDepartment :TestAddDepartment
2021-05-16 23:17:50,349 :INFO : TestDepartment :Logged In Successfully
2021-05-16 23:18:45,396 :INFO : TestDepartment :TestAddDepartment
2021-05-16 23:19:19,765 :INFO : TestDepartment :Logged In Successfully
2021-05-16 23:19:22,228 :INFO : TestDepartment :navigated to employees app
2021-05-16 23:19:57,528 :INFO : TestDepartment :TestAddDepartment
2021-05-16 23:20:31,913 :INFO : TestDepartment :Logged In Successfully
2021-05-16 23:20:34,153 :INFO : TestDepartment :navigated to employees app
2021-05-16 23:24:35,064 :INFO : TestDepartment :TestAddDepartment
2021-05-16 23:25:08,589 :INFO : TestDepartment :Logged In Successfully
2021-05-16 23:25:11,072 :INFO : TestDepartment :navigated to employees app
2021-05-16 23:25:44,496 :INFO : TestDepartment :one dept added successfully
2021-05-16 23:26:05,223 :INFO : TestDepartment :One department deleted successfully
2021-05-16 23:26:07,534 :INFO : TestDepartment :successfully logged out
2021-05-16 23:26:16,716 :INFO : TestDepartment :TestAddDepartment
2021-05-16 23:26:50,040 :INFO : TestDepartment :Logged In Successfully
2021-05-16 23:26:52,472 :INFO : TestDepartment :navigated to employees app
2021-05-16 23:27:28,163 :INFO : TestDepartment :successfully logged out
2021-05-16 23:31:48,744 :INFO : TestDepartment :TestAddDepartment
2021-05-16 23:32:22,382 :INFO : TestDepartment :Logged In Successfully
2021-05-16 23:32:24,736 :INFO : TestDepartment :navigated to employees app
2021-05-16 23:32:57,135 :INFO : TestDepartment :one dept added successfully
2021-05-16 23:33:17,838 :INFO : TestDepartment :One department deleted successfully
2021-05-16 23:33:20,193 :INFO : TestDepartment :successfully logged out
2021-05-16 23:33:30,322 :INFO : TestDepartment :TestAddDepartment
2021-05-16 23:34:04,389 :INFO : TestDepartment :Logged In Successfully
2021-05-16 23:34:06,563 :INFO : TestDepartment :navigated to employees app
2021-05-16 23:34:42,058 :INFO : TestDepartment :successfully logged out
2021-05-16 23:35:55,322 :INFO : TestAddEmployee :TestAddEmployee
2021-05-16 23:36:29,805 :INFO : TestAddEmployee :Logged In Successfully
2021-05-16 23:36:32,226 :INFO : TestAddEmployee :navigated to employee module
2021-05-16 23:36:32,410 :INFO : TestAddEmployee :navigated to add employee form
2021-05-16 23:37:44,783 :INFO : TestAddEmployee :One employee added successfully
2021-05-16 23:38:05,547 :INFO : TestAddEmployee :One employee deleted successfully
2021-05-16 23:38:07,766 :INFO : TestAddEmployee :logged out successfully
2021-05-16 23:38:18,164 :INFO : TestAddEmployee :TestAddEmployee
2021-05-16 23:38:52,318 :INFO : TestAddEmployee :Logged In Successfully
2021-05-16 23:38:54,766 :INFO : TestAddEmployee :navigated to employee module
2021-05-16 23:38:55,017 :INFO : TestAddEmployee :navigated to add employee form
2021-05-16 23:40:40,062 :ERROR : TestAddEmployee :error while adding employee
2021-05-16 23:40:43,767 :INFO : TestAddEmployee :logged out successfully
2021-05-17 01:46:31,448 :INFO : TestAddEmployee :TestAddEmployee
2021-05-19 00:39:53,249 :INFO : TestAddEmployee :TestAddEmployee
2021-05-19 00:40:36,177 :INFO : TestAddEmployee :Logged In Successfully
2021-05-19 00:43:23,633 :INFO : TestAddEmployee :TestAddEmployee
2021-05-19 00:43:57,352 :INFO : TestAddEmployee :Logged In Successfully
2021-05-19 00:44:16,104 :INFO : TestAddEmployee :TestAddEmployee
2021-05-19 00:44:52,792 :INFO : TestAddEmployee :Logged In Successfully
2021-05-19 00:50:34,334 :INFO : TestAddEmployee :TestAddEmployee
2021-05-19 00:51:08,961 :INFO : TestAddEmployee :Logged In Successfully
2021-05-19 00:51:49,601 :INFO : TestAddEmployee :TestAddEmployee
2021-05-19 00:52:23,940 :INFO : TestAddEmployee :Logged In Successfully
2021-05-19 00:55:58,764 :INFO : TestAddEmployee :TestAddEmployee
2021-05-19 00:56:34,315 :INFO : TestAddEmployee :Logged In Successfully
2021-05-19 00:56:38,564 :INFO : TestAddEmployee :navigated to employee module
2021-05-19 00:56:38,719 :INFO : TestAddEmployee :navigated to add employee form
2021-05-20 03:47:59,051 :INFO : TestAddEmployee :TestAddEmployee
2021-05-20 03:48:39,072 :INFO : TestAddEmployee :Logged In Successfully
2021-05-20 03:48:44,420 :INFO : TestAddEmployee :navigated to employee module
2021-05-20 03:48:44,593 :INFO : TestAddEmployee :navigated to add employee form
2021-05-20 03:50:42,726 :INFO : TestAddEmployee :TestAddEmployee
2021-05-20 03:51:18,688 :INFO : TestAddEmployee :Logged In Successfully
2021-05-20 03:51:21,778 :INFO : TestAddEmployee :navigated to employee module
2021-05-20 03:51:22,005 :INFO : TestAddEmployee :navigated to add employee form
2021-05-20 03:52:31,393 :INFO : TestAddEmployee :One employee added successfully
2021-05-20 03:57:42,385 :INFO : TestAddEmployee :TestAddEmployee
2021-05-20 03:58:16,106 :INFO : TestAddEmployee :Logged In Successfully
2021-05-20 03:58:18,616 :INFO : TestAddEmployee :navigated to employee module
2021-05-20 03:58:18,776 :INFO : TestAddEmployee :navigated to add employee form
2021-05-20 03:59:58,725 :INFO : TestAddEmployee :One employee added successfully
2021-05-20 04:00:19,469 :INFO : TestAddEmployee :One employee deleted successfully
2021-05-20 04:00:23,116 :INFO : TestAddEmployee :logged out successfully
2021-05-20 04:00:34,344 :INFO : TestAddEmployee :TestAddEmployee
2021-05-20 04:01:10,096 :INFO : TestAddEmployee :Logged In Successfully
2021-05-20 04:01:12,549 :INFO : TestAddEmployee :navigated to employee module
2021-05-20 04:01:12,746 :INFO : TestAddEmployee :navigated to add employee form
2021-05-20 04:02:23,662 :INFO : TestAddEmployee :One employee added successfully
2021-05-20 04:19:43,506 :INFO : TestAddEmployee :TestAddEmployee
2021-05-20 04:20:21,576 :INFO : TestAddEmployee :Logged In Successfully
2021-05-20 04:20:24,808 :INFO : TestAddEmployee :navigated to employee module
2021-05-20 04:20:25,020 :INFO : TestAddEmployee :navigated to add employee form
2021-05-20 04:22:05,296 :INFO : TestAddEmployee :One employee added successfully
2021-05-20 04:22:26,004 :INFO : TestAddEmployee :One employee deleted successfully
2021-05-20 04:22:29,985 :INFO : TestAddEmployee :logged out successfully
2021-05-20 04:22:41,975 :INFO : TestAddEmployee :TestAddEmployee
2021-05-20 04:23:15,607 :INFO : TestAddEmployee :Logged In Successfully
2021-05-20 04:23:18,396 :INFO : TestAddEmployee :navigated to employee module
2021-05-20 04:23:18,667 :INFO : TestAddEmployee :navigated to add employee form
2021-05-20 04:24:28,726 :ERROR : TestAddEmployee :error while adding employee
2021-05-20 04:24:32,681 :INFO : TestAddEmployee :logged out successfully
